<?xml version="1.0" encoding="UTF-8"?>
<!-- Generated by org.testng.reporters.JUnitReportReporter -->
<testsuite hostname="DESKTOP-F4S4O5V" failures="0" tests="1" name="AmazonTestClasses.AmazonLoginTestClass" time="17.498" errors="0" timestamp="2022-07-06T13:30:49 IST" skipped="0">
  <testcase classname="AmazonTestClasses.AmazonLoginTestClass" name="performLogin" time="17.498"/>
  <system-out/>
</testsuite> <!-- AmazonTestClasses.AmazonLoginTestClass -->
